<?xml version="1.0" encoding="UTF-8"?>
<!-- Generated by org.testng.reporters.JUnitReportReporter -->
<testsuite hostname="DESKTOP-SS3KRG5" failures="0" tests="5" name="com.testng.raj.Flipkart" time="1.134" errors="1" timestamp="2022-01-24T13:58:26 IST" skipped="0">
  <testcase classname="com.testng.raj.Flipkart" name="login" time="0.164"/>
  <system-out/>
  <testcase classname="com.testng.raj.Flipkart" name="mobileSearch" time="0.608"/>
  <system-out/>
  <testcase classname="com.testng.raj.Flipkart" name="handling" time="0.016"/>
  <system-out/>
  <testcase classname="com.testng.raj.Flipkart" name="buyNow" time="0.000">
    <error message="
Method public void com.testng.raj.Flipkart.buyNow(java.lang.String) throws java.lang.InterruptedException requires a @DataProvider named :  mobileName" type="org.testng.TestNGException">
      <![CDATA[org.testng.TestNGException: 
Method public void com.testng.raj.Flipkart.buyNow(java.lang.String) throws java.lang.InterruptedException requires a @DataProvider named :  mobileName
at org.testng.internal.Parameters.findDataProvider(Parameters.java:561)
at org.testng.internal.Parameters.handleParameters(Parameters.java:772)
at org.testng.internal.Parameters.handleParameters(Parameters.java:740)
at org.testng.internal.ParameterHandler.handleParameters(ParameterHandler.java:59)
at org.testng.internal.ParameterHandler.createParameters(ParameterHandler.java:38)
at org.testng.internal.TestInvoker$MethodInvocationAgent.invoke(TestInvoker.java:791)
at org.testng.internal.TestInvoker.invokeTestMethods(TestInvoker.java:146)
at org.testng.internal.TestMethodWorker.invokeTestMethods(TestMethodWorker.java:146)
at org.testng.internal.TestMethodWorker.run(TestMethodWorker.java:128)
at java.base/java.util.ArrayList.forEach(ArrayList.java:1511)
at org.testng.TestRunner.privateRun(TestRunner.java:794)
at org.testng.TestRunner.run(TestRunner.java:596)
at org.testng.SuiteRunner.runTest(SuiteRunner.java:377)
at org.testng.SuiteRunner.runSequentially(SuiteRunner.java:371)
at org.testng.SuiteRunner.privateRun(SuiteRunner.java:332)
at org.testng.SuiteRunner.run(SuiteRunner.java:276)
at org.testng.SuiteRunnerWorker.runSuite(SuiteRunnerWorker.java:53)
at org.testng.SuiteRunnerWorker.run(SuiteRunnerWorker.java:96)
at org.testng.TestNG.runSuitesSequentially(TestNG.java:1212)
at org.testng.TestNG.runSuitesLocally(TestNG.java:1134)
at org.testng.TestNG.runSuites(TestNG.java:1063)
at org.testng.TestNG.run(TestNG.java:1031)
at org.testng.remote.AbstractRemoteTestNG.run(AbstractRemoteTestNG.java:115)
at org.testng.remote.RemoteTestNG.initAndRun(RemoteTestNG.java:251)
at org.testng.remote.RemoteTestNG.main(RemoteTestNG.java:77)
]]>
    </error>
  </testcase> <!-- buyNow -->
  <system-out/>
  <testcase classname="com.testng.raj.Flipkart" name="screen" time="0.346"/>
  <system-out/>
</testsuite> <!-- com.testng.raj.Flipkart -->
